TN:
SF:/Users/ryancopley/Desktop/Async/BlockSync/BlockSync.m
FN:13,+[BlockSync waterfall:error:success:]
FN:27,__37+[BlockSync waterfall:error:success:]_block_invoke
FN:39,+[BlockSync forEach:call:error:done:]
FN:43,__37+[BlockSync forEach:call:error:done:]_block_invoke
FN:51,__37+[BlockSync forEach:call:error:done:]_block_invoke18
FNDA:3,+[BlockSync waterfall:error:success:]
FNDA:14,__37+[BlockSync forEach:call:error:done:]_block_invoke18
FNDA:14,__37+[BlockSync forEach:call:error:done:]_block_invoke
FNDA:14,+[BlockSync forEach:call:error:done:]
FNDA:2,__37+[BlockSync waterfall:error:success:]_block_invoke
FNF:5
FNH:5
DA:14,49
DA:15,49
DA:16,9
DA:17,6
DA:19,3
DA:23,40
DA:24,40
DA:25,40
DA:26,40
DA:27,80
DA:28,40
DA:29,38
DA:30,38
DA:31,2
DA:32,2
DA:33,2
DA:35,40
DA:36,138
DA:41,14
DA:42,28
DA:43,70
DA:44,56
DA:45,56
DA:46,14
DA:47,14
DA:48,56
DA:50,154
DA:51,112
DA:52,56
DA:53,70
DA:54,14
DA:55,14
DA:56,56
DA:57,154
DA:58,14
LF:35
LH:35
end_of_record
